<?xml version="1.0" encoding="UTF-8"?>
<testsuite name="com.example.livemedia.OtpRegexTest" tests="1" skipped="0" failures="0" errors="0" timestamp="2026-01-15T08:15:11.703Z" hostname="SHRAWN" time="0.053">
  <properties/>
  <testcase name="testOtpCsv" classname="com.example.livemedia.OtpRegexTest" time="0.053"/>
  <system-out><![CDATA[Loading Dataset from: C:\Users\shriy\Downloads\realworld_style_otp_dataset_1000.csv
Total Lines: 1001
===================================================
TEST RESULTS (Dataset: 1000)
===================================================
TOTAL CASES: 1000
PASSED:      1000
FAILED:      0
  -> MISSED: 0 (Returned Null)
  -> WRONG:  0 (Returned Incorrect OTP)
===================================================
Accuracy: 100.00%
]]></system-out>
  <system-err><![CDATA[]]></system-err>
</testsuite>
